#
# A fatal error has been detected by the Java Runtime Environment:
#
#  EXCEPTION_ACCESS_VIOLATION (0xc0000005) at pc=0x00007ffde478dbb6, pid=2888, tid=15076
#
# JRE version: Java(TM) SE Runtime Environment 18.9 (11.0.7+8) (build 11.0.7+8-LTS)
# Java VM: Java HotSpot(TM) 64-Bit Server VM 18.9 (11.0.7+8-LTS, mixed mode, tiered, compressed oops, g1 gc, windows-amd64)
# Problematic frame:
# V  [jvm.dll+0x19dbb6]
#
# No core dump will be written. Minidumps are not enabled by default on client versions of Windows
#
# If you would like to submit a bug report, please visit:
#   https://bugreport.java.com/bugreport/crash.jsp
#

---------------  S U M M A R Y ------------

Command Line: -agentlib:jdwp=transport=dt_socket,address=127.0.0.1:61896,suspend=y,server=n -XX:TieredStopAtLevel=1 -Xverify:none -Dspring.output.ansi.enabled=always -Dcom.sun.management.jmxremote -Dspring.jmx.enabled=true -Dspring.liveBeansView.mbeanDomain -Dspring.application.admin.enabled=true -javaagent:C:\Users\LAVANV~1\AppData\Local\Temp\captureAgent4901jars\debugger-agent.jar -Dfile.encoding=UTF-8 com.example.onekids_project.OnekidsProjectApplication

Host: Intel(R) Core(TM) i5-4210U CPU @ 1.70GHz, 4 cores, 7G,  Windows 10 , 64 bit Build 19041 (10.0.19041.292)
Time: Mon Jun 15 20:45:58 2020 SE Asia Standard Time elapsed time: 157112 seconds (1d 19h 38m 32s)

---------------  T H R E A D  ---------------

Current thread (0x0000017f84ecc800):  ConcurrentGCThread "G1 Refine#0" [stack: 0x00000003a7b00000,0x00000003a7c00000] [id=15076]

Stack: [0x00000003a7b00000,0x00000003a7c00000],  sp=0x00000003a7bff7e8,  free space=1021k
Native frames: (J=compiled Java code, j=interpreted, Vv=VM code, C=native code)
V  [jvm.dll+0x19dbb6]


siginfo: EXCEPTION_ACCESS_VIOLATION (0xc0000005), reading address 0x0000000752aa47a8


Register to memory mapping:

RIP=0x00007ffde478dbb6 jvm.dll
RAX=0x2200488012244891 is an unknown value
RBX=
[error occurred during error reporting (printing register info), id 0xc0000005, EXCEPTION_ACCESS_VIOLATION (0xc0000005) at pc=0x00007ffde478dbb6]

Registers:
RAX=0x2200488012244891, RBX=0x0000000082e2a338, RCX=0x0000000082e2a338, RDX=0x0000000082e2a338
RSP=0x00000003a7bff7e8, RBP=0x0000000082e2a338, RSI=0x0000000082e2a338, RDI=0x0000017f9c609100
R8 =0x0000000000009151, R9 =0x0000000752aa47a0, R10=0x0000000100009580, R11=0x000000000000001a
R12=0x00000003a7bff890, R13=0x00007ffde45f0000, R14=0x0000017f84e5a8c0, R15=0x0000000082e2a400
RIP=0x00007ffde478dbb6, EFLAGS=0x0000000000010206

Top of Stack: (sp=0x00000003a7bff7e8)
0x00000003a7bff7e8:   00007ffde4916291 0000000082e2a338
0x00000003a7bff7f8:   0000000082e2a2e0 0000000082e2a2e0
0x00000003a7bff808:   00007ffe3d6326ee 0000017fa42f72e0
0x00000003a7bff818:   00007ffde4c23585 000000008290c200
0x00000003a7bff828:   0000000000000040 0000000000000004
0x00000003a7bff838:   0000000082f00000 0000000000000000
0x00000003a7bff848:   0000000000000004 0000017f9c609151
0x00000003a7bff858:   0000017f84de6e60 0000017f84e5a8c0
0x00000003a7bff868:   00007ffde4917dba 0000000082e2a200
0x00000003a7bff878:   0000000082e2a200 00000003a7bff8a0
0x00000003a7bff888:   0000017f84e337e0 0000000082e2a200
0x00000003a7bff898:   0000000000000040 00007ffde4ea05e0
0x00000003a7bff8a8:   0000000000000000 0000017f84e053b0
0x00000003a7bff8b8:   00007ffd00000004 0000000000000001
0x00000003a7bff8c8:   0000017f9c609151 0000017fa51c3a70
0x00000003a7bff8d8:   00007ffde48b9127 0000000000000004 

Instructions: (pc=0x00007ffde478dbb6)
0x00007ffde478db96:   cc cc cc cc cc cc cc cc cc cc 48 8b 49 38 48 8b
0x00007ffde478dba6:   01 48 ff 60 28 cc cc cc cc cc 4c 8b ca 48 8b d1
0x00007ffde478dbb6:   45 8b 41 08 45 85 c0 7e 0e 41 f6 c0 01 75 56 41
0x00007ffde478dbc6:   c1 f8 03 41 8b c0 c3 79 4c 80 3d 6b ed 8e 00 00 


Stack slot to memory mapping:
stack at sp + 0 slots: 0x00007ffde4916291 jvm.dll
stack at sp + 1 slots: 
[error occurred during error reporting (inspecting top of stack), id 0xc0000005, EXCEPTION_ACCESS_VIOLATION (0xc0000005) at pc=0x00007ffde478dbb6]


---------------  P R O C E S S  ---------------

Threads class SMR info:
_java_thread_list=0x0000017fa871f1f0, length=30, elements={
0x0000017fa321f800, 0x0000017fa3220800, 0x0000017fa3ba2800, 0x0000017fa3239800,
0x0000017fa323c800, 0x0000017fa323f000, 0x0000017fa31ac000, 0x0000017fa3d56000,
0x0000017fa3f56000, 0x0000017fa4339800, 0x0000017fa502a800, 0x0000017fa5d24000,
0x0000017fa5d22000, 0x0000017fa5d23000, 0x0000017fa78b4800, 0x0000017fa78b6000,
0x0000017fa78b5000, 0x0000017fa78b7000, 0x0000017fa78b1000, 0x0000017fa78b7800,
0x0000017fa78b2000, 0x0000017fa78b8800, 0x0000017fa78b2800, 0x0000017fa78be000,
0x0000017fa78bb800, 0x0000017fa78bf000, 0x0000017fa78bb000, 0x0000017fa78b9800,
0x0000017fa78bc800, 0x0000017fa78ba000
}

Java Threads: ( => current thread )
  0x0000017fa321f800 JavaThread "Reference Handler" daemon [_thread_blocked, id=14972, stack(0x00000003a7e00000,0x00000003a7f00000)]
  0x0000017fa3220800 JavaThread "Finalizer" daemon [_thread_blocked, id=11664, stack(0x00000003a7f00000,0x00000003a8000000)]
  0x0000017fa3ba2800 JavaThread "Signal Dispatcher" daemon [_thread_blocked, id=15420, stack(0x00000003a8000000,0x00000003a8100000)]
  0x0000017fa3239800 JavaThread "Attach Listener" daemon [_thread_blocked, id=12744, stack(0x00000003a8100000,0x00000003a8200000)]
  0x0000017fa323c800 JavaThread "C1 CompilerThread0" daemon [_thread_blocked, id=8500, stack(0x00000003a8200000,0x00000003a8300000)]
  0x0000017fa323f000 JavaThread "Sweeper thread" daemon [_thread_blocked, id=8816, stack(0x00000003a8300000,0x00000003a8400000)]
  0x0000017fa31ac000 JavaThread "Common-Cleaner" daemon [_thread_blocked, id=14860, stack(0x00000003a8400000,0x00000003a8500000)]
  0x0000017fa3d56000 JavaThread "JDWP Event Helper Thread" daemon [_thread_blocked, id=13012, stack(0x00000003a8600000,0x00000003a8700000)]
  0x0000017fa3f56000 JavaThread "Service Thread" daemon [_thread_blocked, id=8728, stack(0x00000003a8800000,0x00000003a8900000)]
  0x0000017fa4339800 JavaThread "RMI TCP Accept-0" daemon [_thread_in_native, id=14012, stack(0x00000003a8c00000,0x00000003a8d00000)]
  0x0000017fa502a800 JavaThread "RMI Scheduler(0)" daemon [_thread_blocked, id=17304, stack(0x00000003a9000000,0x00000003a9100000)]
  0x0000017fa5d24000 JavaThread "mysql-cj-abandoned-connection-cleanup" daemon [_thread_blocked, id=17132, stack(0x00000003a8e00000,0x00000003a8f00000)]
  0x0000017fa5d22000 JavaThread "Catalina-utility-1" [_thread_blocked, id=9012, stack(0x00000003a9300000,0x00000003a9400000)]
  0x0000017fa5d23000 JavaThread "Catalina-utility-2" [_thread_blocked, id=9484, stack(0x00000003a9400000,0x00000003a9500000)]
  0x0000017fa78b4800 JavaThread "container-0" [_thread_blocked, id=3052, stack(0x00000003a9500000,0x00000003a9600000)]
  0x0000017fa78b6000 JavaThread "HikariPool-1 housekeeper" daemon [_thread_blocked, id=15936, stack(0x00000003a9700000,0x00000003a9800000)]
  0x0000017fa78b5000 JavaThread "http-nio-8088-BlockPoller" daemon [_thread_in_native, id=14652, stack(0x00000003a9a00000,0x00000003a9b00000)]
  0x0000017fa78b7000 JavaThread "http-nio-8088-exec-1" daemon [_thread_blocked, id=16176, stack(0x00000003a9b00000,0x00000003a9c00000)]
  0x0000017fa78b1000 JavaThread "http-nio-8088-exec-2" daemon [_thread_blocked, id=2376, stack(0x00000003a9c00000,0x00000003a9d00000)]
  0x0000017fa78b7800 JavaThread "http-nio-8088-exec-3" daemon [_thread_blocked, id=8056, stack(0x00000003a9d00000,0x00000003a9e00000)]
  0x0000017fa78b2000 JavaThread "http-nio-8088-exec-4" daemon [_thread_blocked, id=13700, stack(0x00000003a9e00000,0x00000003a9f00000)]
  0x0000017fa78b8800 JavaThread "http-nio-8088-exec-5" daemon [_thread_blocked, id=14432, stack(0x00000003a9f00000,0x00000003aa000000)]
  0x0000017fa78b2800 JavaThread "http-nio-8088-exec-6" daemon [_thread_blocked, id=10440, stack(0x00000003aa000000,0x00000003aa100000)]
  0x0000017fa78be000 JavaThread "http-nio-8088-exec-7" daemon [_thread_blocked, id=1340, stack(0x00000003aa100000,0x00000003aa200000)]
  0x0000017fa78bb800 JavaThread "http-nio-8088-exec-8" daemon [_thread_blocked, id=5416, stack(0x00000003aa200000,0x00000003aa300000)]
  0x0000017fa78bf000 JavaThread "http-nio-8088-exec-9" daemon [_thread_blocked, id=6772, stack(0x00000003aa300000,0x00000003aa400000)]
  0x0000017fa78bb000 JavaThread "http-nio-8088-exec-10" daemon [_thread_blocked, id=7808, stack(0x00000003aa400000,0x00000003aa500000)]
  0x0000017fa78b9800 JavaThread "http-nio-8088-ClientPoller" daemon [_thread_in_native, id=5572, stack(0x00000003aa500000,0x00000003aa600000)]
  0x0000017fa78bc800 JavaThread "http-nio-8088-Acceptor" daemon [_thread_in_native, id=11860, stack(0x00000003aa600000,0x00000003aa700000)]
  0x0000017fa78ba000 JavaThread "DestroyJavaVM" [_thread_blocked, id=12260, stack(0x00000003a7700000,0x00000003a7800000)]

Other Threads:
  0x0000017fa31f6800 VMThread "VM Thread" [stack: 0x00000003a7d00000,0x00000003a7e00000] [id=14192]
  0x0000017fa4342800 WatcherThread [stack: 0x00000003a8d00000,0x00000003a8e00000] [id=6964]
  0x0000017f84e0d000 GCTaskThread "GC Thread#0" [stack: 0x00000003a7800000,0x00000003a7900000] [id=10828]
  0x0000017fa432b800 GCTaskThread "GC Thread#1" [stack: 0x00000003a8900000,0x00000003a8a00000] [id=11608]
  0x0000017fa4318800 GCTaskThread "GC Thread#2" [stack: 0x00000003a8a00000,0x00000003a8b00000] [id=7264]
  0x0000017fa50af000 GCTaskThread "GC Thread#3" [stack: 0x00000003a9100000,0x00000003a9200000] [id=17196]
  0x0000017f84e3d000 ConcurrentGCThread "G1 Main Marker" [stack: 0x00000003a7900000,0x00000003a7a00000] [id=9456]
  0x0000017f84e3e800 ConcurrentGCThread "G1 Conc#0" [stack: 0x00000003a7a00000,0x00000003a7b00000] [id=8388]
=>0x0000017f84ecc800 ConcurrentGCThread "G1 Refine#0" [stack: 0x00000003a7b00000,0x00000003a7c00000] [id=15076]
  0x0000017fa3e99800 ConcurrentGCThread "G1 Refine#1" [stack: 0x00000003a8b00000,0x00000003a8c00000] [id=7072]
  0x0000017f84ecd800 ConcurrentGCThread "G1 Young RemSet Sampling" [stack: 0x00000003a7c00000,0x00000003a7d00000] [id=5908]

Threads with active compile tasks:

VM state:not at safepoint (normal execution)

VM Mutex/Monitor currently owned by a thread: None

Heap address: 0x0000000081c00000, size: 2020 MB, Compressed Oops mode: 32-bit
Narrow klass base: 0x0000000000000000, Narrow klass shift: 3
Compressed class space size: 1073741824 Address: 0x0000000100000000

Heap:
 garbage-first heap   total 227328K, used 151013K [0x0000000081c00000, 0x0000000100000000)
  region size 1024K, 120 young (122880K), 10 survivors (10240K)
 Metaspace       used 68204K, capacity 69964K, committed 70224K, reserved 1110016K
  class space    used 8741K, capacity 9427K, committed 9472K, reserved 1048576K
Heap Regions: E=young(eden), S=young(survivor), O=old, HS=humongous(starts), HC=humongous(continues), CS=collection set, F=free, A=archive, TAMS=top-at-mark-start (previous, next)
|   0|0x0000000081c00000, 0x0000000081d00000, 0x0000000081d00000|100%|HS|  |TAMS 0x0000000081d00000, 0x0000000081c00000| Complete 
|   1|0x0000000081d00000, 0x0000000081e00000, 0x0000000081e00000|100%| O|  |TAMS 0x0000000081e00000, 0x0000000081d00000| Untracked 
|   2|0x0000000081e00000, 0x0000000081f00000, 0x0000000081f00000|100%| O|  |TAMS 0x0000000081f00000, 0x0000000081e00000| Untracked 
|   3|0x0000000081f00000, 0x0000000082000000, 0x0000000082000000|100%| O|  |TAMS 0x0000000082000000, 0x0000000081f00000| Untracked 
|   4|0x0000000082000000, 0x0000000082100000, 0x0000000082100000|100%| O|  |TAMS 0x0000000082100000, 0x0000000082000000| Untracked 
|   5|0x0000000082100000, 0x0000000082200000, 0x0000000082200000|100%| O|  |TAMS 0x0000000082200000, 0x0000000082100000| Untracked 
|   6|0x0000000082200000, 0x0000000082300000, 0x0000000082300000|100%| O|  |TAMS 0x0000000082300000, 0x0000000082200000| Untracked 
|   7|0x0000000082300000, 0x0000000082400000, 0x0000000082400000|100%| O|  |TAMS 0x0000000082400000, 0x0000000082300000| Untracked 
|   8|0x0000000082400000, 0x0000000082500000, 0x0000000082500000|100%| O|  |TAMS 0x0000000082500000, 0x0000000082400000| Untracked 
|   9|0x0000000082500000, 0x0000000082600000, 0x0000000082600000|100%| O|  |TAMS 0x0000000082600000, 0x0000000082500000| Untracked 
|  10|0x0000000082600000, 0x0000000082700000, 0x0000000082700000|100%| O|  |TAMS 0x0000000082700000, 0x0000000082600000| Untracked 
|  11|0x0000000082700000, 0x0000000082800000, 0x0000000082800000|100%| O|  |TAMS 0x0000000082800000, 0x0000000082700000| Untracked 
|  12|0x0000000082800000, 0x0000000082900000, 0x0000000082900000|100%| O|  |TAMS 0x0000000082900000, 0x0000000082800000| Untracked 
|  13|0x0000000082900000, 0x0000000082a00000, 0x0000000082a00000|100%| O|  |TAMS 0x0000000082a00000, 0x0000000082900000| Untracked 
|  14|0x0000000082a00000, 0x0000000082b00000, 0x0000000082b00000|100%| O|  |TAMS 0x0000000082b00000, 0x0000000082a00000| Untracked 
|  15|0x0000000082b00000, 0x0000000082c00000, 0x0000000082c00000|100%| O|  |TAMS 0x0000000082c00000, 0x0000000082b00000| Untracked 
|  16|0x0000000082c00000, 0x0000000082d00000, 0x0000000082d00000|100%| O|  |TAMS 0x0000000082d00000, 0x0000000082c00000| Untracked 
|  17|0x0000000082d00000, 0x0000000082e00000, 0x0000000082e00000|100%| O|  |TAMS 0x0000000082e00000, 0x0000000082d00000| Untracked 
|  18|0x0000000082e00000, 0x0000000082f00000, 0x0000000082f00000|100%| O|  |TAMS 0x0000000082f00000, 0x0000000082e00000| Untracked 
|  19|0x0000000082f00000, 0x0000000083000000, 0x0000000083000000|100%| O|  |TAMS 0x0000000083000000, 0x0000000082f00000| Untracked 
|  20|0x0000000083000000, 0x0000000083100000, 0x0000000083100000|100%| O|  |TAMS 0x0000000083100000, 0x0000000083000000| Untracked 
|  21|0x0000000083100000, 0x0000000083200000, 0x0000000083200000|100%| O|  |TAMS 0x0000000083200000, 0x0000000083100000| Untracked 
|  22|0x0000000083200000, 0x0000000083300000, 0x0000000083300000|100%| O|  |TAMS 0x0000000083233c00, 0x0000000083200000| Untracked 
|  23|0x0000000083300000, 0x0000000083400000, 0x0000000083400000|100%| O|  |TAMS 0x0000000083300000, 0x0000000083300000| Untracked 
|  24|0x0000000083400000, 0x0000000083500000, 0x0000000083500000|100%| O|  |TAMS 0x0000000083400000, 0x0000000083400000| Untracked 
|  25|0x0000000083500000, 0x0000000083600000, 0x0000000083600000|100%| O|  |TAMS 0x0000000083500000, 0x0000000083500000| Untracked 
|  26|0x0000000083600000, 0x0000000083700000, 0x0000000083700000|100%| O|  |TAMS 0x0000000083600000, 0x0000000083600000| Untracked 
|  27|0x0000000083700000, 0x0000000083800000, 0x0000000083800000|100%| O|  |TAMS 0x0000000083700000, 0x0000000083700000| Untracked 
|  28|0x0000000083800000, 0x0000000083897e00, 0x0000000083900000| 59%| O|  |TAMS 0x0000000083800000, 0x0000000083800000| Untracked 
|  29|0x0000000083900000, 0x0000000083900000, 0x0000000083a00000|  0%| F|  |TAMS 0x0000000083900000, 0x0000000083900000| Untracked 
|  30|0x0000000083a00000, 0x0000000083a00000, 0x0000000083b00000|  0%| F|  |TAMS 0x0000000083a00000, 0x0000000083a00000| Untracked 
|  31|0x0000000083b00000, 0x0000000083b00000, 0x0000000083c00000|  0%| F|  |TAMS 0x0000000083b00000, 0x0000000083b00000| Untracked 
|  32|0x0000000083c00000, 0x0000000083c00000, 0x0000000083d00000|  0%| F|  |TAMS 0x0000000083c00000, 0x0000000083c00000| Untracked 
|  33|0x0000000083d00000, 0x0000000083d00000, 0x0000000083e00000|  0%| F|  |TAMS 0x0000000083d00000, 0x0000000083d00000| Untracked 
|  34|0x0000000083e00000, 0x0000000083e00000, 0x0000000083f00000|  0%| F|  |TAMS 0x0000000083e00000, 0x0000000083e00000| Untracked 
|  35|0x0000000083f00000, 0x0000000083f00000, 0x0000000084000000|  0%| F|  |TAMS 0x0000000083f00000, 0x0000000083f00000| Untracked 
|  36|0x0000000084000000, 0x0000000084000000, 0x0000000084100000|  0%| F|  |TAMS 0x0000000084000000, 0x0000000084000000| Untracked 
|  37|0x0000000084100000, 0x0000000084100000, 0x0000000084200000|  0%| F|  |TAMS 0x0000000084100000, 0x0000000084100000| Untracked 
|  38|0x0000000084200000, 0x0000000084200000, 0x0000000084300000|  0%| F|  |TAMS 0x0000000084200000, 0x0000000084200000| Untracked 
|  39|0x0000000084300000, 0x0000000084300000, 0x0000000084400000|  0%| F|  |TAMS 0x0000000084300000, 0x0000000084300000| Untracked 
|  40|0x0000000084400000, 0x0000000084400000, 0x0000000084500000|  0%| F|  |TAMS 0x0000000084400000, 0x0000000084400000| Untracked 
|  41|0x0000000084500000, 0x0000000084500000, 0x0000000084600000|  0%| F|  |TAMS 0x0000000084500000, 0x0000000084500000| Untracked 
|  42|0x0000000084600000, 0x0000000084600000, 0x0000000084700000|  0%| F|  |TAMS 0x0000000084600000, 0x0000000084600000| Untracked 
|  43|0x0000000084700000, 0x0000000084700000, 0x0000000084800000|  0%| F|  |TAMS 0x0000000084700000, 0x0000000084700000| Untracked 
|  44|0x0000000084800000, 0x0000000084800000, 0x0000000084900000|  0%| F|  |TAMS 0x0000000084800000, 0x0000000084800000| Untracked 
|  45|0x0000000084900000, 0x0000000084900000, 0x0000000084a00000|  0%| F|  |TAMS 0x0000000084900000, 0x0000000084900000| Untracked 
|  46|0x0000000084a00000, 0x0000000084a00000, 0x0000000084b00000|  0%| F|  |TAMS 0x0000000084a00000, 0x0000000084a00000| Untracked 
|  47|0x0000000084b00000, 0x0000000084b00000, 0x0000000084c00000|  0%| F|  |TAMS 0x0000000084b00000, 0x0000000084b00000| Untracked 
|  48|0x0000000084c00000, 0x0000000084c00000, 0x0000000084d00000|  0%| F|  |TAMS 0x0000000084c00000, 0x0000000084c00000| Untracked 
|  49|0x0000000084d00000, 0x0000000084d00000, 0x0000000084e00000|  0%| F|  |TAMS 0x0000000084d00000, 0x0000000084d00000| Untracked 
|  50|0x0000000084e00000, 0x0000000084e00000, 0x0000000084f00000|  0%| F|  |TAMS 0x0000000084e00000, 0x0000000084e00000| Untracked 
|  51|0x0000000084f00000, 0x0000000084f00000, 0x0000000085000000|  0%| F|  |TAMS 0x0000000084f00000, 0x0000000084f00000| Untracked 
|  52|0x0000000085000000, 0x0000000085000000, 0x0000000085100000|  0%| F|  |TAMS 0x0000000085000000, 0x0000000085000000| Untracked 
|  53|0x0000000085100000, 0x0000000085100000, 0x0000000085200000|  0%| F|  |TAMS 0x0000000085100000, 0x0000000085100000| Untracked 
|  54|0x0000000085200000, 0x0000000085200000, 0x0000000085300000|  0%| F|  |TAMS 0x0000000085200000, 0x0000000085200000| Untracked 
|  55|0x0000000085300000, 0x0000000085300000, 0x0000000085400000|  0%| F|  |TAMS 0x0000000085300000, 0x0000000085300000| Untracked 
|  56|0x0000000085400000, 0x0000000085400000, 0x0000000085500000|  0%| F|  |TAMS 0x0000000085400000, 0x0000000085400000| Untracked 
|  57|0x0000000085500000, 0x0000000085500000, 0x0000000085600000|  0%| F|  |TAMS 0x0000000085500000, 0x0000000085500000| Untracked 
|  58|0x0000000085600000, 0x0000000085600000, 0x0000000085700000|  0%| F|  |TAMS 0x0000000085600000, 0x0000000085600000| Untracked 
|  59|0x0000000085700000, 0x0000000085700000, 0x0000000085800000|  0%| F|  |TAMS 0x0000000085700000, 0x0000000085700000| Untracked 
|  60|0x0000000085800000, 0x0000000085800000, 0x0000000085900000|  0%| F|  |TAMS 0x0000000085800000, 0x0000000085800000| Untracked 
|  61|0x0000000085900000, 0x0000000085900000, 0x0000000085a00000|  0%| F|  |TAMS 0x0000000085900000, 0x0000000085900000| Untracked 
|  62|0x0000000085a00000, 0x0000000085a00000, 0x0000000085b00000|  0%| F|  |TAMS 0x0000000085a00000, 0x0000000085a00000| Untracked 
|  63|0x0000000085b00000, 0x0000000085b00000, 0x0000000085c00000|  0%| F|  |TAMS 0x0000000085b00000, 0x0000000085b00000| Untracked 
|  64|0x0000000085c00000, 0x0000000085c00000, 0x0000000085d00000|  0%| F|  |TAMS 0x0000000085c00000, 0x0000000085c00000| Untracked 
|  65|0x0000000085d00000, 0x0000000085d00000, 0x0000000085e00000|  0%| F|  |TAMS 0x0000000085d00000, 0x0000000085d00000| Untracked 
|  66|0x0000000085e00000, 0x0000000085e00000, 0x0000000085f00000|  0%| F|  |TAMS 0x0000000085e00000, 0x0000000085e00000| Untracked 
|  67|0x0000000085f00000, 0x0000000085f00000, 0x0000000086000000|  0%| F|  |TAMS 0x0000000085f00000, 0x0000000085f00000| Untracked 
|  68|0x0000000086000000, 0x0000000086000000, 0x0000000086100000|  0%| F|  |TAMS 0x0000000086000000, 0x0000000086000000| Untracked 
|  69|0x0000000086100000, 0x0000000086100000, 0x0000000086200000|  0%| F|  |TAMS 0x0000000086100000, 0x0000000086100000| Untracked 
|  70|0x0000000086200000, 0x0000000086200000, 0x0000000086300000|  0%| F|  |TAMS 0x0000000086200000, 0x0000000086200000| Untracked 
|  71|0x0000000086300000, 0x0000000086300000, 0x0000000086400000|  0%| F|  |TAMS 0x0000000086300000, 0x0000000086300000| Untracked 
|  72|0x0000000086400000, 0x0000000086400000, 0x0000000086500000|  0%| F|  |TAMS 0x0000000086400000, 0x0000000086400000| Untracked 
|  73|0x0000000086500000, 0x0000000086500000, 0x0000000086600000|  0%| F|  |TAMS 0x0000000086500000, 0x0000000086500000| Untracked 
|  74|0x0000000086600000, 0x0000000086600000, 0x0000000086700000|  0%| F|  |TAMS 0x0000000086600000, 0x0000000086600000| Untracked 
|  75|0x0000000086700000, 0x0000000086700000, 0x0000000086800000|  0%| F|  |TAMS 0x0000000086700000, 0x0000000086700000| Untracked 
|  76|0x0000000086800000, 0x0000000086800000, 0x0000000086900000|  0%| F|  |TAMS 0x0000000086800000, 0x0000000086800000| Untracked 
|  77|0x0000000086900000, 0x0000000086900000, 0x0000000086a00000|  0%| F|  |TAMS 0x0000000086900000, 0x0000000086900000| Untracked 
|  78|0x0000000086a00000, 0x0000000086a00000, 0x0000000086b00000|  0%| F|  |TAMS 0x0000000086a00000, 0x0000000086a00000| Untracked 
|  79|0x0000000086b00000, 0x0000000086b00000, 0x0000000086c00000|  0%| F|  |TAMS 0x0000000086b00000, 0x0000000086b00000| Untracked 
|  80|0x0000000086c00000, 0x0000000086c00000, 0x0000000086d00000|  0%| F|  |TAMS 0x0000000086c00000, 0x0000000086c00000| Untracked 
|  81|0x0000000086d00000, 0x0000000086d00000, 0x0000000086e00000|  0%| F|  |TAMS 0x0000000086d00000, 0x0000000086d00000| Untracked 
|  82|0x0000000086e00000, 0x0000000086e00000, 0x0000000086f00000|  0%| F|  |TAMS 0x0000000086e00000, 0x0000000086e00000| Untracked 
|  83|0x0000000086f00000, 0x0000000086f00000, 0x0000000087000000|  0%| F|  |TAMS 0x0000000086f00000, 0x0000000086f00000| Untracked 
|  84|0x0000000087000000, 0x0000000087000000, 0x0000000087100000|  0%| F|  |TAMS 0x0000000087000000, 0x0000000087000000| Untracked 
|  85|0x0000000087100000, 0x0000000087100000, 0x0000000087200000|  0%| F|  |TAMS 0x0000000087100000, 0x0000000087100000| Untracked 
|  86|0x0000000087200000, 0x0000000087200000, 0x0000000087300000|  0%| F|  |TAMS 0x0000000087200000, 0x0000000087200000| Untracked 
|  87|0x0000000087300000, 0x0000000087300000, 0x0000000087400000|  0%| F|  |TAMS 0x0000000087300000, 0x0000000087300000| Untracked 
|  88|0x0000000087400000, 0x0000000087400000, 0x0000000087500000|  0%| F|  |TAMS 0x0000000087400000, 0x0000000087400000| Untracked 
|  89|0x0000000087500000, 0x0000000087500000, 0x0000000087600000|  0%| F|  |TAMS 0x0000000087500000, 0x0000000087500000| Untracked 
|  90|0x0000000087600000, 0x0000000087600000, 0x0000000087700000|  0%| F|  |TAMS 0x0000000087600000, 0x0000000087600000| Untracked 
|  91|0x0000000087700000, 0x0000000087700000, 0x0000000087800000|  0%| F|  |TAMS 0x0000000087700000, 0x0000000087700000| Untracked 
|  92|0x0000000087800000, 0x0000000087800000, 0x0000000087900000|  0%| F|  |TAMS 0x0000000087800000, 0x0000000087800000| Untracked 
|  93|0x0000000087900000, 0x0000000087900000, 0x0000000087a00000|  0%| F|  |TAMS 0x0000000087900000, 0x0000000087900000| Untracked 
|  94|0x0000000087a00000, 0x0000000087a00000, 0x0000000087b00000|  0%| F|  |TAMS 0x0000000087a00000, 0x0000000087a00000| Untracked 
|  95|0x0000000087b00000, 0x0000000087be1900, 0x0000000087c00000| 88%| S|CS|TAMS 0x0000000087b00000, 0x0000000087b00000| Complete 
|  96|0x0000000087c00000, 0x0000000087d00000, 0x0000000087d00000|100%| S|CS|TAMS 0x0000000087c00000, 0x0000000087c00000| Complete 
|  97|0x0000000087d00000, 0x0000000087e00000, 0x0000000087e00000|100%| S|CS|TAMS 0x0000000087d00000, 0x0000000087d00000| Complete 
|  98|0x0000000087e00000, 0x0000000087f00000, 0x0000000087f00000|100%| S|CS|TAMS 0x0000000087e00000, 0x0000000087e00000| Complete 
|  99|0x0000000087f00000, 0x0000000088000000, 0x0000000088000000|100%| S|CS|TAMS 0x0000000087f00000, 0x0000000087f00000| Complete 
| 100|0x0000000088000000, 0x0000000088100000, 0x0000000088100000|100%| S|CS|TAMS 0x0000000088000000, 0x0000000088000000| Complete 
| 101|0x0000000088100000, 0x0000000088200000, 0x0000000088200000|100%| S|CS|TAMS 0x0000000088100000, 0x0000000088100000| Complete 
| 102|0x0000000088200000, 0x0000000088300000, 0x0000000088300000|100%| S|CS|TAMS 0x0000000088200000, 0x0000000088200000| Complete 
| 103|0x0000000088300000, 0x0000000088400000, 0x0000000088400000|100%| S|CS|TAMS 0x0000000088300000, 0x0000000088300000| Complete 
| 104|0x0000000088400000, 0x0000000088500000, 0x0000000088500000|100%| S|CS|TAMS 0x0000000088400000, 0x0000000088400000| Complete 
| 105|0x0000000088500000, 0x0000000088500000, 0x0000000088600000|  0%| F|  |TAMS 0x0000000088500000, 0x0000000088500000| Untracked 
| 106|0x0000000088600000, 0x0000000088600000, 0x0000000088700000|  0%| F|  |TAMS 0x0000000088600000, 0x0000000088600000| Untracked 
| 107|0x0000000088700000, 0x0000000088700000, 0x0000000088800000|  0%| F|  |TAMS 0x0000000088700000, 0x0000000088700000| Untracked 
| 108|0x0000000088800000, 0x0000000088800000, 0x0000000088900000|  0%| F|  |TAMS 0x0000000088800000, 0x0000000088800000| Untracked 
| 109|0x0000000088900000, 0x0000000088900000, 0x0000000088a00000|  0%| F|  |TAMS 0x0000000088900000, 0x0000000088900000| Untracked 
| 110|0x0000000088a00000, 0x0000000088a00000, 0x0000000088b00000|  0%| F|  |TAMS 0x0000000088a00000, 0x0000000088a00000| Untracked 
| 111|0x0000000088b00000, 0x0000000088b00000, 0x0000000088c00000|  0%| F|  |TAMS 0x0000000088b00000, 0x0000000088b00000| Untracked 
| 112|0x0000000088c00000, 0x0000000088c394b0, 0x0000000088d00000| 22%| E|  |TAMS 0x0000000088c00000, 0x0000000088c00000| Complete 
| 113|0x0000000088d00000, 0x0000000088e00000, 0x0000000088e00000|100%| E|CS|TAMS 0x0000000088d00000, 0x0000000088d00000| Complete 
| 114|0x0000000088e00000, 0x0000000088f00000, 0x0000000088f00000|100%| E|CS|TAMS 0x0000000088e00000, 0x0000000088e00000| Complete 
| 115|0x0000000088f00000, 0x0000000089000000, 0x0000000089000000|100%| E|CS|TAMS 0x0000000088f00000, 0x0000000088f00000| Complete 
| 116|0x0000000089000000, 0x0000000089100000, 0x0000000089100000|100%| E|CS|TAMS 0x0000000089000000, 0x0000000089000000| Complete 
| 117|0x0000000089100000, 0x0000000089200000, 0x0000000089200000|100%| E|CS|TAMS 0x0000000089100000, 0x0000000089100000| Complete 
| 118|0x0000000089200000, 0x0000000089300000, 0x0000000089300000|100%| E|CS|TAMS 0x0000000089200000, 0x0000000089200000| Complete 
| 119|0x0000000089300000, 0x0000000089400000, 0x0000000089400000|100%| E|CS|TAMS 0x0000000089300000, 0x0000000089300000| Complete 
| 120|0x0000000089400000, 0x0000000089500000, 0x0000000089500000|100%| E|CS|TAMS 0x0000000089400000, 0x0000000089400000| Complete 
| 121|0x0000000089500000, 0x0000000089600000, 0x0000000089600000|100%| E|CS|TAMS 0x0000000089500000, 0x0000000089500000| Complete 
| 122|0x0000000089600000, 0x0000000089700000, 0x0000000089700000|100%| E|CS|TAMS 0x0000000089600000, 0x0000000089600000| Complete 
| 123|0x0000000089700000, 0x0000000089800000, 0x0000000089800000|100%| E|CS|TAMS 0x0000000089700000, 0x0000000089700000| Complete 
| 124|0x0000000089800000, 0x0000000089900000, 0x0000000089900000|100%| E|CS|TAMS 0x0000000089800000, 0x0000000089800000| Complete 
| 125|0x0000000089900000, 0x0000000089a00000, 0x0000000089a00000|100%| E|CS|TAMS 0x0000000089900000, 0x0000000089900000| Complete 
| 126|0x0000000089a00000, 0x0000000089b00000, 0x0000000089b00000|100%| E|CS|TAMS 0x0000000089a00000, 0x0000000089a00000| Complete 
| 127|0x0000000089b00000, 0x0000000089c00000, 0x0000000089c00000|100%| E|CS|TAMS 0x0000000089b00000, 0x0000000089b00000| Complete 
| 128|0x0000000089c00000, 0x0000000089d00000, 0x0000000089d00000|100%| E|CS|TAMS 0x0000000089c00000, 0x0000000089c00000| Complete 
| 129|0x0000000089d00000, 0x0000000089e00000, 0x0000000089e00000|100%| E|CS|TAMS 0x0000000089d00000, 0x0000000089d00000| Complete 
| 130|0x0000000089e00000, 0x0000000089f00000, 0x0000000089f00000|100%| E|CS|TAMS 0x0000000089e00000, 0x0000000089e00000| Complete 
| 131|0x0000000089f00000, 0x000000008a000000, 0x000000008a000000|100%| E|CS|TAMS 0x0000000089f00000, 0x0000000089f00000| Complete 
| 132|0x000000008a000000, 0x000000008a100000, 0x000000008a100000|100%| E|CS|TAMS 0x000000008a000000, 0x000000008a000000| Complete 
| 133|0x000000008a100000, 0x000000008a200000, 0x000000008a200000|100%| E|CS|TAMS 0x000000008a100000, 0x000000008a100000| Complete 
| 134|0x000000008a200000, 0x000000008a300000, 0x000000008a300000|100%| E|CS|TAMS 0x000000008a200000, 0x000000008a200000| Complete 
| 135|0x000000008a300000, 0x000000008a400000, 0x000000008a400000|100%| E|CS|TAMS 0x000000008a300000, 0x000000008a300000| Complete 
| 136|0x000000008a400000, 0x000000008a500000, 0x000000008a500000|100%| E|CS|TAMS 0x000000008a400000, 0x000000008a400000| Complete 
| 137|0x000000008a500000, 0x000000008a600000, 0x000000008a600000|100%| E|CS|TAMS 0x000000008a500000, 0x000000008a500000| Complete 
| 138|0x000000008a600000, 0x000000008a700000, 0x000000008a700000|100%| E|CS|TAMS 0x000000008a600000, 0x000000008a600000| Complete 
| 139|0x000000008a700000, 0x000000008a800000, 0x000000008a800000|100%| E|CS|TAMS 0x000000008a700000, 0x000000008a700000| Complete 
| 140|0x000000008a800000, 0x000000008a900000, 0x000000008a900000|100%| E|CS|TAMS 0x000000008a800000, 0x000000008a800000| Complete 
| 141|0x000000008a900000, 0x000000008aa00000, 0x000000008aa00000|100%| E|CS|TAMS 0x000000008a900000, 0x000000008a900000| Complete 
| 142|0x000000008aa00000, 0x000000008ab00000, 0x000000008ab00000|100%| E|CS|TAMS 0x000000008aa00000, 0x000000008aa00000| Complete 
| 143|0x000000008ab00000, 0x000000008ac00000, 0x000000008ac00000|100%| E|CS|TAMS 0x000000008ab00000, 0x000000008ab00000| Complete 
| 144|0x000000008ac00000, 0x000000008ad00000, 0x000000008ad00000|100%| E|CS|TAMS 0x000000008ac00000, 0x000000008ac00000| Complete 
| 145|0x000000008ad00000, 0x000000008ae00000, 0x000000008ae00000|100%| E|CS|TAMS 0x000000008ad00000, 0x000000008ad00000| Complete 
| 146|0x000000008ae00000, 0x000000008af00000, 0x000000008af00000|100%| E|CS|TAMS 0x000000008ae00000, 0x000000008ae00000| Complete 
| 147|0x000000008af00000, 0x000000008b000000, 0x000000008b000000|100%| E|CS|TAMS 0x000000008af00000, 0x000000008af00000| Complete 
| 148|0x000000008b000000, 0x000000008b100000, 0x000000008b100000|100%| E|CS|TAMS 0x000000008b000000, 0x000000008b000000| Complete 
| 149|0x000000008b100000, 0x000000008b200000, 0x000000008b200000|100%| E|CS|TAMS 0x000000008b100000, 0x000000008b100000| Complete 
| 150|0x000000008b200000, 0x000000008b300000, 0x000000008b300000|100%| E|CS|TAMS 0x000000008b200000, 0x000000008b200000| Complete 
| 151|0x000000008b300000, 0x000000008b400000, 0x000000008b400000|100%| E|CS|TAMS 0x000000008b300000, 0x000000008b300000| Complete 
| 152|0x000000008b400000, 0x000000008b500000, 0x000000008b500000|100%| E|CS|TAMS 0x000000008b400000, 0x000000008b400000| Complete 
| 153|0x000000008b500000, 0x000000008b600000, 0x000000008b600000|100%| E|CS|TAMS 0x000000008b500000, 0x000000008b500000| Complete 
| 154|0x000000008b600000, 0x000000008b700000, 0x000000008b700000|100%| E|CS|TAMS 0x000000008b600000, 0x000000008b600000| Complete 
| 155|0x000000008b700000, 0x000000008b800000, 0x000000008b800000|100%| E|CS|TAMS 0x000000008b700000, 0x000000008b700000| Complete 
| 156|0x000000008b800000, 0x000000008b900000, 0x000000008b900000|100%| E|CS|TAMS 0x000000008b800000, 0x000000008b800000| Complete 
| 157|0x000000008b900000, 0x000000008ba00000, 0x000000008ba00000|100%| E|CS|TAMS 0x000000008b900000, 0x000000008b900000| Complete 
| 158|0x000000008ba00000, 0x000000008bb00000, 0x000000008bb00000|100%| E|CS|TAMS 0x000000008ba00000, 0x000000008ba00000| Complete 
| 159|0x000000008bb00000, 0x000000008bc00000, 0x000000008bc00000|100%| E|CS|TAMS 0x000000008bb00000, 0x000000008bb00000| Complete 
| 160|0x000000008bc00000, 0x000000008bd00000, 0x000000008bd00000|100%| E|CS|TAMS 0x000000008bc00000, 0x000000008bc00000| Complete 
| 161|0x000000008bd00000, 0x000000008be00000, 0x000000008be00000|100%| E|CS|TAMS 0x000000008bd00000, 0x000000008bd00000| Complete 
| 162|0x000000008be00000, 0x000000008bf00000, 0x000000008bf00000|100%| E|CS|TAMS 0x000000008be00000, 0x000000008be00000| Complete 
| 163|0x000000008bf00000, 0x000000008c000000, 0x000000008c000000|100%| E|CS|TAMS 0x000000008bf00000, 0x000000008bf00000| Complete 
| 164|0x000000008c000000, 0x000000008c100000, 0x000000008c100000|100%| E|CS|TAMS 0x000000008c000000, 0x000000008c000000| Complete 
| 165|0x000000008c100000, 0x000000008c200000, 0x000000008c200000|100%| E|CS|TAMS 0x000000008c100000, 0x000000008c100000| Complete 
| 166|0x000000008c200000, 0x000000008c300000, 0x000000008c300000|100%| E|CS|TAMS 0x000000008c200000, 0x000000008c200000| Complete 
| 167|0x000000008c300000, 0x000000008c400000, 0x000000008c400000|100%| E|CS|TAMS 0x000000008c300000, 0x000000008c300000| Complete 
| 168|0x000000008c400000, 0x000000008c500000, 0x000000008c500000|100%| E|CS|TAMS 0x000000008c400000, 0x000000008c400000| Complete 
| 169|0x000000008c500000, 0x000000008c600000, 0x000000008c600000|100%| E|CS|TAMS 0x000000008c500000, 0x000000008c500000| Complete 
| 170|0x000000008c600000, 0x000000008c700000, 0x000000008c700000|100%| E|CS|TAMS 0x000000008c600000, 0x000000008c600000| Complete 
| 171|0x000000008c700000, 0x000000008c800000, 0x000000008c800000|100%| E|CS|TAMS 0x000000008c700000, 0x000000008c700000| Complete 
| 172|0x000000008c800000, 0x000000008c900000, 0x000000008c900000|100%| E|CS|TAMS 0x000000008c800000, 0x000000008c800000| Complete 
| 173|0x000000008c900000, 0x000000008ca00000, 0x000000008ca00000|100%| E|CS|TAMS 0x000000008c900000, 0x000000008c900000| Complete 
| 174|0x000000008ca00000, 0x000000008cb00000, 0x000000008cb00000|100%| E|CS|TAMS 0x000000008ca00000, 0x000000008ca00000| Complete 
| 175|0x000000008cb00000, 0x000000008cc00000, 0x000000008cc00000|100%| E|CS|TAMS 0x000000008cb00000, 0x000000008cb00000| Complete 
| 176|0x000000008cc00000, 0x000000008cd00000, 0x000000008cd00000|100%| E|CS|TAMS 0x000000008cc00000, 0x000000008cc00000| Complete 
| 177|0x000000008cd00000, 0x000000008ce00000, 0x000000008ce00000|100%| E|CS|TAMS 0x000000008cd00000, 0x000000008cd00000| Complete 
| 178|0x000000008ce00000, 0x000000008cf00000, 0x000000008cf00000|100%| E|CS|TAMS 0x000000008ce00000, 0x000000008ce00000| Complete 
| 179|0x000000008cf00000, 0x000000008d000000, 0x000000008d000000|100%| E|CS|TAMS 0x000000008cf00000, 0x000000008cf00000| Complete 
| 180|0x000000008d000000, 0x000000008d100000, 0x000000008d100000|100%| E|CS|TAMS 0x000000008d000000, 0x000000008d000000| Complete 
| 181|0x000000008d100000, 0x000000008d200000, 0x000000008d200000|100%| E|CS|TAMS 0x000000008d100000, 0x000000008d100000| Complete 
| 182|0x000000008d200000, 0x000000008d300000, 0x000000008d300000|100%| E|CS|TAMS 0x000000008d200000, 0x000000008d200000| Complete 
| 183|0x000000008d300000, 0x000000008d400000, 0x000000008d400000|100%| E|CS|TAMS 0x000000008d300000, 0x000000008d300000| Complete 
| 184|0x000000008d400000, 0x000000008d500000, 0x000000008d500000|100%| E|CS|TAMS 0x000000008d400000, 0x000000008d400000| Complete 
| 185|0x000000008d500000, 0x000000008d600000, 0x000000008d600000|100%| E|CS|TAMS 0x000000008d500000, 0x000000008d500000| Complete 
| 186|0x000000008d600000, 0x000000008d700000, 0x000000008d700000|100%| E|CS|TAMS 0x000000008d600000, 0x000000008d600000| Complete 
| 187|0x000000008d700000, 0x000000008d800000, 0x000000008d800000|100%| E|CS|TAMS 0x000000008d700000, 0x000000008d700000| Complete 
| 188|0x000000008d800000, 0x000000008d900000, 0x000000008d900000|100%| E|CS|TAMS 0x000000008d800000, 0x000000008d800000| Complete 
| 189|0x000000008d900000, 0x000000008da00000, 0x000000008da00000|100%| E|CS|TAMS 0x000000008d900000, 0x000000008d900000| Complete 
| 190|0x000000008da00000, 0x000000008db00000, 0x000000008db00000|100%| E|CS|TAMS 0x000000008da00000, 0x000000008da00000| Complete 
| 191|0x000000008db00000, 0x000000008dc00000, 0x000000008dc00000|100%| E|CS|TAMS 0x000000008db00000, 0x000000008db00000| Complete 
| 192|0x000000008dc00000, 0x000000008dd00000, 0x000000008dd00000|100%| E|CS|TAMS 0x000000008dc00000, 0x000000008dc00000| Complete 
| 193|0x000000008dd00000, 0x000000008de00000, 0x000000008de00000|100%| E|CS|TAMS 0x000000008dd00000, 0x000000008dd00000| Complete 
| 194|0x000000008de00000, 0x000000008df00000, 0x000000008df00000|100%| E|CS|TAMS 0x000000008de00000, 0x000000008de00000| Complete 
| 195|0x000000008df00000, 0x000000008e000000, 0x000000008e000000|100%| E|CS|TAMS 0x000000008df00000, 0x000000008df00000| Complete 
| 196|0x000000008e000000, 0x000000008e100000, 0x000000008e100000|100%| E|CS|TAMS 0x000000008e000000, 0x000000008e000000| Complete 
| 197|0x000000008e100000, 0x000000008e200000, 0x000000008e200000|100%| E|CS|TAMS 0x000000008e100000, 0x000000008e100000| Complete 
| 198|0x000000008e200000, 0x000000008e300000, 0x000000008e300000|100%| E|CS|TAMS 0x000000008e200000, 0x000000008e200000| Complete 
| 199|0x000000008e300000, 0x000000008e400000, 0x000000008e400000|100%| E|CS|TAMS 0x000000008e300000, 0x000000008e300000| Complete 
| 200|0x000000008e400000, 0x000000008e500000, 0x000000008e500000|100%| E|CS|TAMS 0x000000008e400000, 0x000000008e400000| Complete 
| 201|0x000000008e500000, 0x000000008e600000, 0x000000008e600000|100%| E|CS|TAMS 0x000000008e500000, 0x000000008e500000| Complete 
| 202|0x000000008e600000, 0x000000008e700000, 0x000000008e700000|100%| E|CS|TAMS 0x000000008e600000, 0x000000008e600000| Complete 
| 203|0x000000008e700000, 0x000000008e800000, 0x000000008e800000|100%| E|CS|TAMS 0x000000008e700000, 0x000000008e700000| Complete 
| 204|0x000000008e800000, 0x000000008e900000, 0x000000008e900000|100%| E|CS|TAMS 0x000000008e800000, 0x000000008e800000| Complete 
| 205|0x000000008e900000, 0x000000008ea00000, 0x000000008ea00000|100%| E|CS|TAMS 0x000000008e900000, 0x000000008e900000| Complete 
| 206|0x000000008ea00000, 0x000000008eb00000, 0x000000008eb00000|100%| E|CS|TAMS 0x000000008ea00000, 0x000000008ea00000| Complete 
| 207|0x000000008eb00000, 0x000000008ec00000, 0x000000008ec00000|100%| E|CS|TAMS 0x000000008eb00000, 0x000000008eb00000| Complete 
| 208|0x000000008ec00000, 0x000000008ed00000, 0x000000008ed00000|100%| E|CS|TAMS 0x000000008ec00000, 0x000000008ec00000| Complete 
| 209|0x000000008ed00000, 0x000000008ee00000, 0x000000008ee00000|100%| E|CS|TAMS 0x000000008ed00000, 0x000000008ed00000| Complete 
| 210|0x000000008ee00000, 0x000000008ef00000, 0x000000008ef00000|100%| E|CS|TAMS 0x000000008ee00000, 0x000000008ee00000| Complete 
| 211|0x000000008ef00000, 0x000000008f000000, 0x000000008f000000|100%| E|CS|TAMS 0x000000008ef00000, 0x000000008ef00000| Complete 
| 212|0x000000008f000000, 0x000000008f100000, 0x000000008f100000|100%| E|CS|TAMS 0x000000008f000000, 0x000000008f000000| Complete 
| 213|0x000000008f100000, 0x000000008f200000, 0x000000008f200000|100%| E|CS|TAMS 0x000000008f100000, 0x000000008f100000| Complete 
| 214|0x000000008f200000, 0x000000008f300000, 0x000000008f300000|100%| E|CS|TAMS 0x000000008f200000, 0x000000008f200000| Complete 
| 215|0x000000008f300000, 0x000000008f400000, 0x000000008f400000|100%| E|CS|TAMS 0x000000008f300000, 0x000000008f300000| Complete 
| 216|0x000000008f400000, 0x000000008f500000, 0x000000008f500000|100%| E|CS|TAMS 0x000000008f400000, 0x000000008f400000| Complete 
| 217|0x000000008f500000, 0x000000008f600000, 0x000000008f600000|100%| E|CS|TAMS 0x000000008f500000, 0x000000008f500000| Complete 
| 218|0x000000008f600000, 0x000000008f700000, 0x000000008f700000|100%| E|CS|TAMS 0x000000008f600000, 0x000000008f600000| Complete 
| 219|0x000000008f700000, 0x000000008f800000, 0x000000008f800000|100%| E|CS|TAMS 0x000000008f700000, 0x000000008f700000| Complete 
| 220|0x000000008f800000, 0x000000008f900000, 0x000000008f900000|100%| E|CS|TAMS 0x000000008f800000, 0x000000008f800000| Complete 
| 221|0x000000008f900000, 0x000000008fa00000, 0x000000008fa00000|100%| E|CS|TAMS 0x000000008f900000, 0x000000008f900000| Complete 

Card table byte_map: [0x0000017f9c600000,0x0000017f9ca00000] _byte_map_base: 0x0000017f9c1f2000

Marking Bits (Prev, Next): (CMBitMap*) 0x0000017f84e337e0, (CMBitMap*) 0x0000017f84e337a8
 Prev Bits: [0x0000017f9ed90000, 0x0000017fa0d20000)
 Next Bits: [0x0000017f9ce00000, 0x0000017f9ed90000)

Polling page: 0x0000017f82c00000

Metaspace:

Usage:
  Non-class:     59.12 MB capacity,    58.07 MB ( 98%) used,   851.14 KB (  1%) free+waste,   222.94 KB ( <1%) overhead. 
      Class:      9.21 MB capacity,     8.54 MB ( 93%) used,   580.20 KB (  6%) free+waste,   105.25 KB (  1%) overhead. 
       Both:     68.32 MB capacity,    66.61 MB ( 97%) used,     1.40 MB (  2%) free+waste,   328.19 KB ( <1%) overhead. 

Virtual space:
  Non-class space:       60.00 MB reserved,      59.33 MB ( 99%) committed 
      Class space:        1.00 GB reserved,       9.25 MB ( <1%) committed 
             Both:        1.06 GB reserved,      68.58 MB (  6%) committed 

Chunk freelists:
   Non-Class:  2.88 KB
       Class:  1.63 KB
        Both:  4.50 KB

CodeHeap 'non-profiled nmethods': size=238912Kb used=15526Kb max_used=15526Kb free=223385Kb
 bounds [0x0000017f8d8b0000, 0x0000017f8e7e0000, 0x0000017f9c200000]
CodeHeap 'non-nmethods': size=6848Kb used=1357Kb max_used=1357Kb free=5490Kb
 bounds [0x0000017f8d200000, 0x0000017f8d470000, 0x0000017f8d8b0000]
 total_blobs=9646 nmethods=8940 adapters=585
 compilation: enabled
              stopped_count=0, restarted_count=0
 full_count=0

Compilation events (10 events):
Event: 157093.848 Thread 0x0000017fa323c800 8980       1       com.mysql.cj.protocol.FullReadInputStream::<init> (6 bytes)
Event: 157093.848 Thread 0x0000017fa323c800 nmethod 8980 0x0000017f8e7d7290 code [0x0000017f8e7d7420, 0x0000017f8e7d7598]
Event: 157093.849 Thread 0x0000017fa323c800 8981       1       sun.security.ssl.PostHandshakeContext::isConsumable (38 bytes)
Event: 157093.849 Thread 0x0000017fa323c800 nmethod 8981 0x0000017f8e7d7610 code [0x0000017f8e7d77c0, 0x0000017f8e7d7970]
Event: 157093.849 Thread 0x0000017fa323c800 8982       1       sun.security.ssl.PostHandshakeContext::<init> (147 bytes)
Event: 157093.856 Thread 0x0000017fa323c800 nmethod 8982 0x0000017f8e7d7b10 code [0x0000017f8e7d7da0, 0x0000017f8e7d8580]
Event: 157093.856 Thread 0x0000017fa323c800 8983       1       sun.security.ssl.SSLSessionImpl::<init> (285 bytes)
Event: 157093.861 Thread 0x0000017fa323c800 nmethod 8983 0x0000017f8e7d8c10 code [0x0000017f8e7d8e40, 0x0000017f8e7d99c0]
Event: 157093.862 Thread 0x0000017fa323c800 8963       1       sun.security.ssl.SSLSessionContextImpl$1::run (6 bytes)
Event: 157093.862 Thread 0x0000017fa323c800 nmethod 8963 0x0000017f8e7d9c10 code [0x0000017f8e7d9e20, 0x0000017f8e7da140]

GC Heap History (10 events):
Event: 9.768 GC heap before
{Heap before GC invocations=13 (full 0):
 garbage-first heap   total 189440K, used 117827K [0x0000000081c00000, 0x0000000100000000)
  region size 1024K, 99 young (101376K), 11 survivors (11264K)
 Metaspace       used 57722K, capacity 59152K, committed 59344K, reserved 1101824K
  class space    used 7388K, capacity 7952K, committed 8064K, reserved 1048576K
}
Event: 9.787 GC heap after
{Heap after GC invocations=14 (full 0):
 garbage-first heap   total 189440K, used 29842K [0x0000000081c00000, 0x0000000100000000)
  region size 1024K, 7 young (7168K), 7 survivors (7168K)
 Metaspace       used 57722K, capacity 59152K, committed 59344K, reserved 1101824K
  class space    used 7388K, capacity 7952K, committed 8064K, reserved 1048576K
}
Event: 10.042 GC heap before
{Heap before GC invocations=14 (full 0):
 garbage-first heap   total 189440K, used 60562K [0x0000000081c00000, 0x0000000100000000)
  region size 1024K, 38 young (38912K), 7 survivors (7168K)
 Metaspace       used 58696K, capacity 60123K, committed 60240K, reserved 1101824K
  class space    used 7501K, capacity 8083K, committed 8192K, reserved 1048576K
}
Event: 10.054 GC heap after
{Heap after GC invocations=15 (full 0):
 garbage-first heap   total 189440K, used 29217K [0x0000000081c00000, 0x0000000100000000)
  region size 1024K, 7 young (7168K), 7 survivors (7168K)
 Metaspace       used 58696K, capacity 60123K, committed 60240K, reserved 1101824K
  class space    used 7501K, capacity 8083K, committed 8192K, reserved 1048576K
}
Event: 11.475 GC heap before
{Heap before GC invocations=16 (full 0):
 garbage-first heap   total 189440K, used 129569K [0x0000000081c00000, 0x0000000100000000)
  region size 1024K, 105 young (107520K), 7 survivors (7168K)
 Metaspace       used 63863K, capacity 65630K, committed 65872K, reserved 1105920K
  class space    used 8265K, capacity 8930K, committed 8960K, reserved 1048576K
}
Event: 11.497 GC heap after
{Heap after GC invocations=17 (full 0):
 garbage-first heap   total 189440K, used 35975K [0x0000000081c00000, 0x0000000100000000)
  region size 1024K, 13 young (13312K), 13 survivors (13312K)
 Metaspace       used 63863K, capacity 65630K, committed 65872K, reserved 1105920K
  class space    used 8265K, capacity 8930K, committed 8960K, reserved 1048576K
}
Event: 64863.995 GC heap before
{Heap before GC invocations=17 (full 0):
 garbage-first heap   total 189440K, used 134279K [0x0000000081c00000, 0x0000000100000000)
  region size 1024K, 110 young (112640K), 13 survivors (13312K)
 Metaspace       used 68168K, capacity 69964K, committed 70224K, reserved 1110016K
  class space    used 8741K, capacity 9427K, committed 9472K, reserved 1048576K
}
Event: 64864.111 GC heap after
{Heap after GC invocations=18 (full 0):
 garbage-first heap   total 227328K, used 37639K [0x0000000081c00000, 0x0000000100000000)
  region size 1024K, 9 young (9216K), 9 survivors (9216K)
 Metaspace       used 68168K, capacity 69964K, committed 70224K, reserved 1110016K
  class space    used 8741K, capacity 9427K, committed 9472K, reserved 1048576K
}
Event: 85724.040 GC heap before
{Heap before GC invocations=18 (full 0):
 garbage-first heap   total 227328K, used 157447K [0x0000000081c00000, 0x0000000100000000)
  region size 1024K, 126 young (129024K), 9 survivors (9216K)
 Metaspace       used 68184K, capacity 69964K, committed 70224K, reserved 1110016K
  class space    used 8741K, capacity 9427K, committed 9472K, reserved 1048576K
}
Event: 85724.119 GC heap after
{Heap after GC invocations=19 (full 0):
 garbage-first heap   total 227328K, used 39397K [0x0000000081c00000, 0x0000000100000000)
  region size 1024K, 10 young (10240K), 10 survivors (10240K)
 Metaspace       used 68184K, capacity 69964K, committed 70224K, reserved 1110016K
  class space    used 8741K, capacity 9427K, committed 9472K, reserved 1048576K
}

Deoptimization events (0 events):
No events

Classes redefined (0 events):
No events

Internal exceptions (10 events):
Event: 91022.593 Thread 0x0000017fa78b3800 Exception <a 'java/net/SocketException'{0x000000008d3e8310}: Software caused connection abort: socket write error> (0x000000008d3e8310) thrown at [./open/src/hotspot/share/prims/jni.cpp, line 632]
Event: 91026.978 Thread 0x0000017fa78b3800 Exception <a 'java/net/SocketException'{0x000000008d3e9f08}: Software caused connection abort: socket write error> (0x000000008d3e9f08) thrown at [./open/src/hotspot/share/prims/jni.cpp, line 632]
Event: 91030.597 Thread 0x0000017fa78b3800 Exception <a 'java/net/SocketException'{0x000000008d3ebb00}: Software caused connection abort: socket write error> (0x000000008d3ebb00) thrown at [./open/src/hotspot/share/prims/jni.cpp, line 632]
Event: 151775.385 Thread 0x0000017fa78b6000 Exception <a 'java/io/IOException'{0x000000008f9d80d8}> (0x000000008f9d80d8) thrown at [./open/src/hotspot/share/prims/jni.cpp, line 611]
Event: 153562.222 Thread 0x0000017fa78b3800 Exception <a 'java/net/SocketException'{0x000000008aa3a488}: Software caused connection abort: socket write error> (0x000000008aa3a488) thrown at [./open/src/hotspot/share/prims/jni.cpp, line 632]
Event: 153573.337 Thread 0x0000017fa78b0800 Exception <a 'java/net/SocketException'{0x000000008a9e9bd8}: Software caused connection abort: socket write error> (0x000000008a9e9bd8) thrown at [./open/src/hotspot/share/prims/jni.cpp, line 632]
Event: 155360.775 Thread 0x0000017fa78b3800 Exception <a 'java/net/SocketException'{0x000000008963ae40}: Software caused connection abort: socket write error> (0x000000008963ae40) thrown at [./open/src/hotspot/share/prims/jni.cpp, line 632]
Event: 156511.946 Thread 0x0000017fa78b6000 Exception <a 'java/io/IOException'{0x0000000089875728}> (0x0000000089875728) thrown at [./open/src/hotspot/share/prims/jni.cpp, line 611]
Event: 157093.794 Thread 0x0000017fa78b3800 Exception <a 'java/net/SocketException'{0x0000000088f39ec0}: Software caused connection abort: socket write error> (0x0000000088f39ec0) thrown at [./open/src/hotspot/share/prims/jni.cpp, line 632]
Event: 157107.484 Thread 0x0000017fa78b0800 Exception <a 'java/net/SocketException'{0x0000000088eabe10}: Software caused connection abort: socket write error> (0x0000000088eabe10) thrown at [./open/src/hotspot/share/prims/jni.cpp, line 632]

Events (10 events):
Event: 157107.504 Thread 0x0000017fa78b3800 DEOPT PACKING pc=0x0000017f8e077f79 sp=0x00000003a76fd6a0
Event: 157107.504 Thread 0x0000017fa78b3800 DEOPT UNPACKING pc=0x0000017f8d23d44e sp=0x00000003a76fcb50 mode 1
Event: 157107.504 Thread 0x0000017fa78b3800 DEOPT PACKING pc=0x0000017f8e72afb4 sp=0x00000003a76fd6f0
Event: 157107.504 Thread 0x0000017fa78b3800 DEOPT UNPACKING pc=0x0000017f8d23d44e sp=0x00000003a76fcb50 mode 1
Event: 157107.505 Thread 0x0000017fa78b3800 DEOPT PACKING pc=0x0000017f8e077f79 sp=0x00000003a76fd420
Event: 157107.505 Thread 0x0000017fa78b3800 DEOPT UNPACKING pc=0x0000017f8d23d44e sp=0x00000003a76fc8d0 mode 1
Event: 157107.505 Thread 0x0000017fa78b3800 DEOPT PACKING pc=0x0000017f8e72b4b4 sp=0x00000003a76fd470
Event: 157107.505 Thread 0x0000017fa78b3800 DEOPT UNPACKING pc=0x0000017f8d23d44e sp=0x00000003a76fc8d0 mode 1
Event: 157112.491 Thread 0x0000017fa78b0800 Thread exited: 0x0000017fa78b0800
Event: 157112.523 Thread 0x0000017fa78b3800 Thread exited: 0x0000017fa78b3800


Dynamic libraries:
0x00007ff7093c0000 - 0x00007ff709407000 	C:\Program Files\Java\jdk-11.0.7\bin\java.exe
0x00007ffe3fd90000 - 0x00007ffe3ff84000 	C:\Windows\SYSTEM32\ntdll.dll
0x00007ffe3fb90000 - 0x00007ffe3fc4d000 	C:\Windows\System32\KERNEL32.DLL
0x00007ffe3d610000 - 0x00007ffe3d8d7000 	C:\Windows\System32\KERNELBASE.dll
0x00007ffe3f7c0000 - 0x00007ffe3f86a000 	C:\Windows\System32\ADVAPI32.dll
0x00007ffe3e830000 - 0x00007ffe3e8ce000 	C:\Windows\System32\msvcrt.dll
0x00007ffe3f870000 - 0x00007ffe3f90b000 	C:\Windows\System32\sechost.dll
0x00007ffe3eda0000 - 0x00007ffe3eec3000 	C:\Windows\System32\RPCRT4.dll
0x00007ffe3f9f0000 - 0x00007ffe3fb90000 	C:\Windows\System32\USER32.dll
0x00007ffe3daf0000 - 0x00007ffe3db12000 	C:\Windows\System32\win32u.dll
0x00007ffe3dee0000 - 0x00007ffe3df0a000 	C:\Windows\System32\GDI32.dll
0x00007ffe3d9e0000 - 0x00007ffe3daea000 	C:\Windows\System32\gdi32full.dll
0x00007ffe3d4e0000 - 0x00007ffe3d57d000 	C:\Windows\System32\msvcp_win.dll
0x00007ffe3d8e0000 - 0x00007ffe3d9e0000 	C:\Windows\System32\ucrtbase.dll
0x00007ffe2ec10000 - 0x00007ffe2eeaa000 	C:\Windows\WinSxS\amd64_microsoft.windows.common-controls_6595b64144ccf1df_6.0.19041.1_none_b555e41d4684ddec\COMCTL32.dll
0x00007ffe33e20000 - 0x00007ffe33e2a000 	C:\Windows\SYSTEM32\VERSION.dll
0x00007ffe3ea10000 - 0x00007ffe3ea40000 	C:\Windows\System32\IMM32.DLL
0x00007ffe33520000 - 0x00007ffe33536000 	C:\Program Files\Java\jdk-11.0.7\bin\vcruntime140.dll
0x00007ffe0d640000 - 0x00007ffe0d6ea000 	C:\Program Files\Java\jdk-11.0.7\bin\msvcp140.dll
0x00007ffde45f0000 - 0x00007ffde5151000 	C:\Program Files\Java\jdk-11.0.7\bin\server\jvm.dll
0x00007ffe3f620000 - 0x00007ffe3f628000 	C:\Windows\System32\PSAPI.DLL
0x00007ffe37420000 - 0x00007ffe37429000 	C:\Windows\SYSTEM32\WSOCK32.dll
0x00007ffe3f750000 - 0x00007ffe3f7bb000 	C:\Windows\System32\WS2_32.dll
0x00007ffe335c0000 - 0x00007ffe335e7000 	C:\Windows\SYSTEM32\WINMM.dll
0x00007ffe3bdf0000 - 0x00007ffe3be03000 	C:\Windows\SYSTEM32\kernel.appcore.dll
0x00007ffe33500000 - 0x00007ffe33511000 	C:\Program Files\Java\jdk-11.0.7\bin\verify.dll
0x00007ffe3b380000 - 0x00007ffe3b564000 	C:\Windows\SYSTEM32\DBGHELP.DLL
0x00007ffe35f20000 - 0x00007ffe35f4c000 	C:\Windows\SYSTEM32\dbgcore.DLL
0x00007ffe3dcd0000 - 0x00007ffe3dd4f000 	C:\Windows\System32\bcryptPrimitives.dll
0x00007ffe33440000 - 0x00007ffe33469000 	C:\Program Files\Java\jdk-11.0.7\bin\java.dll
0x00007ffe38090000 - 0x00007ffe3809a000 	C:\Program Files\Java\jdk-11.0.7\bin\jimage.dll
0x00007ffe28af0000 - 0x00007ffe28b28000 	C:\Program Files\Java\jdk-11.0.7\bin\jdwp.dll
0x00007ffe28ac0000 - 0x00007ffe28af0000 	C:\Program Files\Java\jdk-11.0.7\bin\instrument.dll
0x00007ffe30800000 - 0x00007ffe30816000 	C:\Program Files\Java\jdk-11.0.7\bin\zip.dll
0x00007ffe3df10000 - 0x00007ffe3e644000 	C:\Windows\System32\SHELL32.dll
0x00007ffe3b650000 - 0x00007ffe3bdde000 	C:\Windows\SYSTEM32\windows.storage.dll
0x00007ffe3ea40000 - 0x00007ffe3ed93000 	C:\Windows\System32\combase.dll
0x00007ffe3cf60000 - 0x00007ffe3cf8b000 	C:\Windows\SYSTEM32\Wldp.dll
0x00007ffe3e8d0000 - 0x00007ffe3e97e000 	C:\Windows\System32\SHCORE.dll
0x00007ffe3ef30000 - 0x00007ffe3ef85000 	C:\Windows\System32\shlwapi.dll
0x00007ffe3d420000 - 0x00007ffe3d43f000 	C:\Windows\SYSTEM32\profapi.dll
0x00007ffe365b0000 - 0x00007ffe365ba000 	C:\Program Files\Java\jdk-11.0.7\bin\dt_socket.dll
0x00007ffe3cce0000 - 0x00007ffe3cd4a000 	C:\Windows\system32\mswsock.dll
0x00007ffe29380000 - 0x00007ffe29399000 	C:\Program Files\Java\jdk-11.0.7\bin\net.dll
0x00007ffe33ea0000 - 0x00007ffe33fa0000 	C:\Windows\SYSTEM32\WINHTTP.dll
0x00007ffe28aa0000 - 0x00007ffe28ab3000 	C:\Program Files\Java\jdk-11.0.7\bin\nio.dll
0x00007ffe3c9c0000 - 0x00007ffe3ca8a000 	C:\Windows\SYSTEM32\DNSAPI.dll
0x00007ffe3c980000 - 0x00007ffe3c9bb000 	C:\Windows\SYSTEM32\IPHLPAPI.DLL
0x00007ffe3f910000 - 0x00007ffe3f919000 	C:\Windows\System32\NSI.dll
0x00007ffe33c50000 - 0x00007ffe33c5a000 	C:\Windows\System32\rasadhlp.dll
0x00007ffe338c0000 - 0x00007ffe3393f000 	C:\Windows\System32\fwpuclnt.dll
0x00007ffe3d580000 - 0x00007ffe3d5a7000 	C:\Windows\System32\bcrypt.dll
0x00007ffe33550000 - 0x00007ffe33559000 	C:\Program Files\Java\jdk-11.0.7\bin\management.dll
0x00007ffe334f0000 - 0x00007ffe334fc000 	C:\Program Files\Java\jdk-11.0.7\bin\management_ext.dll
0x00007ffe3ceb0000 - 0x00007ffe3cec8000 	C:\Windows\SYSTEM32\CRYPTSP.dll
0x00007ffe3c600000 - 0x00007ffe3c634000 	C:\Windows\system32\rsaenh.dll
0x00007ffe3d3e0000 - 0x00007ffe3d40e000 	C:\Windows\SYSTEM32\USERENV.dll
0x00007ffe3ced0000 - 0x00007ffe3cedc000 	C:\Windows\SYSTEM32\CRYPTBASE.dll
0x00007ffe355f0000 - 0x00007ffe35607000 	C:\Windows\SYSTEM32\dhcpcsvc6.DLL
0x00007ffe354e0000 - 0x00007ffe354fd000 	C:\Windows\SYSTEM32\dhcpcsvc.DLL
0x00007ffe27a40000 - 0x00007ffe27a57000 	C:\Windows\system32\napinsp.dll
0x00007ffe27980000 - 0x00007ffe2799b000 	C:\Windows\system32\pnrpnsp.dll
0x00007ffe27960000 - 0x00007ffe27975000 	C:\Windows\system32\wshbth.dll
0x00007ffe36540000 - 0x00007ffe3655d000 	C:\Windows\system32\NLAapi.dll
0x00007ffe27940000 - 0x00007ffe27952000 	C:\Windows\System32\winrnr.dll
0x00007ffe21990000 - 0x00007ffe219b6000 	C:\Program Files\Java\jdk-11.0.7\bin\sunec.dll
0x00007ffe33430000 - 0x00007ffe3343e000 	C:\Program Files\Java\jdk-11.0.7\bin\sunmscapi.dll
0x00007ffe3db20000 - 0x00007ffe3dc7d000 	C:\Windows\System32\CRYPT32.dll
0x00007ffe3cfd0000 - 0x00007ffe3cff7000 	C:\Windows\SYSTEM32\ncrypt.dll
0x00007ffe3cf90000 - 0x00007ffe3cfcb000 	C:\Windows\SYSTEM32\NTASN1.dll

dbghelp: loaded successfully - version: 4.0.5 - missing functions: none
symbol engine: initialized successfully - sym options: 0x614 - pdb path: .;C:\Program Files\Java\jdk-11.0.7\bin;C:\Windows\SYSTEM32;C:\Windows\WinSxS\amd64_microsoft.windows.common-controls_6595b64144ccf1df_6.0.19041.1_none_b555e41d4684ddec;C:\Program Files\Java\jdk-11.0.7\bin\server

VM Arguments:
jvm_args: -agentlib:jdwp=transport=dt_socket,address=127.0.0.1:61896,suspend=y,server=n -XX:TieredStopAtLevel=1 -Xverify:none -Dspring.output.ansi.enabled=always -Dcom.sun.management.jmxremote -Dspring.jmx.enabled=true -Dspring.liveBeansView.mbeanDomain -Dspring.application.admin.enabled=true -javaagent:C:\Users\LAVANV~1\AppData\Local\Temp\captureAgent4901jars\debugger-agent.jar -Dfile.encoding=UTF-8 
java_command: com.example.onekids_project.OnekidsProjectApplication
java_class_path (initial): I:\onekids\target\classes;C:\Users\La Van Viet\.m2\repository\org\springframework\boot\spring-boot-starter-data-jpa\2.3.0.RELEASE\spring-boot-starter-data-jpa-2.3.0.RELEASE.jar;C:\Users\La Van Viet\.m2\repository\org\springframework\boot\spring-boot-starter-aop\2.3.0.RELEASE\spring-boot-starter-aop-2.3.0.RELEASE.jar;C:\Users\La Van Viet\.m2\repository\org\aspectj\aspectjweaver\1.9.5\aspectjweaver-1.9.5.jar;C:\Users\La Van Viet\.m2\repository\org\springframework\boot\spring-boot-starter-jdbc\2.3.0.RELEASE\spring-boot-starter-jdbc-2.3.0.RELEASE.jar;C:\Users\La Van Viet\.m2\repository\com\zaxxer\HikariCP\3.4.5\HikariCP-3.4.5.jar;C:\Users\La Van Viet\.m2\repository\org\springframework\spring-jdbc\5.2.6.RELEASE\spring-jdbc-5.2.6.RELEASE.jar;C:\Users\La Van Viet\.m2\repository\jakarta\transaction\jakarta.transaction-api\1.3.3\jakarta.transaction-api-1.3.3.jar;C:\Users\La Van Viet\.m2\repository\jakarta\persistence\jakarta.persistence-api\2.2.3\jakarta.persistence-api-2.2.3.jar;C:\Users\La Van Viet\.m2\repository\org\hibernate\hibernate-core\5.4.15.Final\hibernate-core-5.4.15.Final.jar;C:\Users\La Van Viet\.m2\repository\org\jboss\logging\jboss-logging\3.4.1.Final\jboss-logging-3.4.1.Final.jar;C:\Users\La Van Viet\.m2\repository\org\javassist\javassist\3.24.0-GA\javassist-3.24.0-GA.jar;C:\Users\La Van Viet\.m2\repository\net\bytebuddy\byte-buddy\1.10.10\byte-buddy-1.10.10.jar;C:\Users\La Van Viet\.m2\repository\antlr\antlr\2.7.7\antlr-2.7.7.jar;C:\Users\La Van Viet\.m2\repository\org\jboss\jandex\2.1.3.Final\jandex-2.1.3.Final.jar;C:\Users\La Van Viet\.m2\repository\com\fasterxml\classmate\1.5.1\classmate-1.5.1.jar;C:\Users\La Van Viet\.m2\repository\org\dom4j\dom4j\2.1.3\dom4j-2.1.3.jar;C:\Users\La Van Viet\.m2\repository\org\hibernate\common\hibernate-commons-annotations\5.1.0.Final\hibernate-commons-annotations-5.1.0.Final.jar;C:\Users\La Van Viet\.m2\repository\org\glassfish\jaxb\jaxb-runtime\2.3.3\jaxb-runtime-2.3.3.jar;C:\Users\La Van Vie
Launcher Type: SUN_STANDARD

[Global flags]
     bool BytecodeVerificationLocal                = false                                     {product} {command line}
     bool BytecodeVerificationRemote               = false                                     {product} {command line}
     intx CICompilerCount                          = 3                                         {product} {ergonomic}
     uint ConcGCThreads                            = 1                                         {product} {ergonomic}
     uint G1ConcRefinementThreads                  = 4                                         {product} {ergonomic}
   size_t G1HeapRegionSize                         = 1048576                                   {product} {ergonomic}
    uintx GCDrainStackTargetSize                   = 64                                        {product} {ergonomic}
   size_t InitialHeapSize                          = 134217728                                 {product} {ergonomic}
     bool ManagementServer                         = true                                      {product} {command line}
   size_t MarkStackSize                            = 4194304                                   {product} {ergonomic}
   size_t MaxHeapSize                              = 2118123520                                {product} {ergonomic}
   size_t MaxNewSize                               = 1270874112                                {product} {ergonomic}
   size_t MinHeapDeltaBytes                        = 1048576                                   {product} {ergonomic}
    uintx NonNMethodCodeHeapSize                   = 6973028                                {pd product} {ergonomic}
    uintx NonProfiledCodeHeapSize                  = 244685212                              {pd product} {ergonomic}
    uintx ProfiledCodeHeapSize                     = 0                                      {pd product} {ergonomic}
    uintx ReservedCodeCacheSize                    = 251658240                              {pd product} {ergonomic}
     bool SegmentedCodeCache                       = true                                      {product} {ergonomic}
     intx TieredStopAtLevel                        = 1                                         {product} {command line}
     bool UseCompressedClassPointers               = true                                 {lp64_product} {ergonomic}
     bool UseCompressedOops                        = true                                 {lp64_product} {ergonomic}
     bool UseG1GC                                  = true                                      {product} {ergonomic}
     bool UseLargePagesIndividualAllocation        = false                                  {pd product} {ergonomic}

Logging:
Log output configuration:
 #0: stdout all=warning uptime,level,tags
 #1: stderr all=off uptime,level,tags

Environment Variables:
PATH=C:\Windows\system32;C:\Windows;C:\Windows\System32\Wbem;C:\Windows\System32\WindowsPowerShell\v1.0\;C:\Windows\System32\OpenSSH\;C:\Program Files\Git\cmd;C:\Program Files\Java\jdk-11.0.7\bin;C:\Program Files (x86)\GitExtensions\;C:\Program Files\nodejs\;C:\Program Files\MySQL\MySQL Shell 8.0\bin\;C:\Users\La Van Viet\AppData\Local\Microsoft\WindowsApps;;C:\Users\La Van Viet\AppData\Local\Programs\Microsoft VS Code\bin;C:\Users\La Van Viet\AppData\Roaming\npm
USERNAME=La Van Viet
OS=Windows_NT
PROCESSOR_IDENTIFIER=Intel64 Family 6 Model 69 Stepping 1, GenuineIntel



---------------  S Y S T E M  ---------------

OS: Windows 10 , 64 bit Build 19041 (10.0.19041.292)

CPU:total 4 (initial active 4) (2 cores per cpu, 2 threads per core) family 6 model 69 stepping 1, cmov, cx8, fxsr, mmx, sse, sse2, sse3, ssse3, sse4.1, sse4.2, popcnt, avx, avx2, aes, clmul, erms, lzcnt, ht, tsc, tscinvbit, bmi1, bmi2, fma

Memory: 4k page, system-wide physical 8075M (1118M free)
TotalPageFile size 13649M (AvailPageFile size 1848M)
current process WorkingSet (physical memory assigned to process): 114M, peak: 309M
current process commit charge ("private bytes"): 409M, peak: 409M

vm_info: Java HotSpot(TM) 64-Bit Server VM (11.0.7+8-LTS) for windows-amd64 JRE (11.0.7+8-LTS), built on Mar 12 2020 02:04:32 by "mach5one" with MS VC++ 15.5 (VS2017)

END.
